\BOOKMARK [0][-]{chapter*.2}{\376\377\000R\000e\000m\000e\000r\000c\000i\000e\000m\000e\000n\000t\000s}{}% 1
\BOOKMARK [0][-]{chapter*.6}{\376\377\000I\000n\000t\000r\000o\000d\000u\000c\000t\000i\000o\000n\000\040\000g\000\351\000n\000\351\000r\000a\000l\000e}{}% 2
\BOOKMARK [0][-]{chapter.1}{\376\377\000C\000a\000d\000r\000e\000\040\000d\000u\000\040\000p\000r\000o\000j\000e\000t}{}% 3
\BOOKMARK [1][-]{section.1.1}{\376\377\000I\000n\000t\000r\000o\000d\000u\000c\000t\000i\000o\000n}{chapter.1}% 4
\BOOKMARK [1][-]{section.1.2}{\376\377\000P\000r\000\351\000s\000e\000n\000t\000a\000t\000i\000o\000n\000\040\000d\000e\000\040\000l\000'\000o\000r\000g\000a\000n\000i\000s\000m\000e\000\040\000d\000'\000a\000c\000c\000u\000e\000i\000l}{chapter.1}% 5
\BOOKMARK [2][-]{subsection.1.2.1}{\376\377\000S\000o\000l\000v\000i\000n\000y\000a\000\040\000G\000r\000o\000u\000p}{section.1.2}% 6
\BOOKMARK [2][-]{subsection.1.2.2}{\376\377\000D\000o\000m\000a\000i\000n\000e\000s\000\040\000d\000'\000a\000c\000t\000i\000v\000i\000t\000\351\000s}{section.1.2}% 7
\BOOKMARK [1][-]{section.1.3}{\376\377\000P\000r\000\351\000s\000e\000n\000t\000a\000t\000i\000o\000n\000\040\000d\000u\000\040\000p\000r\000o\000j\000e\000t}{chapter.1}% 8
\BOOKMARK [2][-]{subsection.1.3.1}{\376\377\000P\000r\000o\000b\000l\000\351\000m\000a\000t\000i\000q\000u\000e}{section.1.3}% 9
\BOOKMARK [2][-]{subsection.1.3.2}{\376\377\000\311\000t\000u\000d\000e\000\040\000d\000e\000\040\000l\000'\000e\000x\000i\000s\000t\000a\000n\000t}{section.1.3}% 10
\BOOKMARK [2][-]{subsection.1.3.3}{\376\377\000S\000o\000l\000u\000t\000i\000o\000n\000\040\000p\000r\000o\000p\000o\000s\000\351\000e}{section.1.3}% 11
\BOOKMARK [1][-]{section.1.4}{\376\377\000M\000\351\000t\000h\000o\000d\000o\000l\000o\000g\000i\000e\000\040\000d\000e\000\040\000t\000r\000a\000v\000a\000i\000l}{chapter.1}% 12
\BOOKMARK [2][-]{subsection.1.4.1}{\376\377\000C\000h\000o\000i\000x\000\040\000d\000e\000\040\000l\000a\000\040\000m\000\351\000t\000h\000o\000d\000o\000l\000o\000g\000i\000e\000\040\000S\000c\000r\000u\000m}{section.1.4}% 13
\BOOKMARK [2][-]{subsection.1.4.2}{\376\377\000P\000l\000a\000n\000i\000f\000i\000c\000a\000t\000i\000o\000n\000\040\000d\000e\000s\000\040\000s\000p\000r\000i\000n\000t\000s}{section.1.4}% 14
\BOOKMARK [1][-]{section.1.5}{\376\377\000C\000o\000n\000c\000l\000u\000s\000i\000o\000n}{chapter.1}% 15
\BOOKMARK [0][-]{chapter.2}{\376\377\000A\000n\000a\000l\000y\000s\000e\000\040\000d\000e\000s\000\040\000b\000e\000s\000o\000i\000n\000s\000\040\000e\000t\000\040\000a\000r\000c\000h\000i\000t\000e\000c\000t\000u\000r\000e\000\040\000g\000l\000o\000b\000a\000l\000e}{}% 16
\BOOKMARK [1][-]{section.2.1}{\376\377\000I\000n\000t\000r\000o\000d\000u\000c\000t\000i\000o\000n}{chapter.2}% 17
\BOOKMARK [1][-]{section.2.2}{\376\377\000A\000n\000a\000l\000y\000s\000e\000\040\000d\000e\000s\000\040\000b\000e\000s\000o\000i\000n\000s}{chapter.2}% 18
\BOOKMARK [2][-]{subsection.2.2.1}{\376\377\000B\000e\000s\000o\000i\000n\000s\000\040\000f\000o\000n\000c\000t\000i\000o\000n\000n\000e\000l\000s}{section.2.2}% 19
\BOOKMARK [2][-]{subsection.2.2.2}{\376\377\000B\000e\000s\000o\000i\000n\000s\000\040\000n\000o\000n\000\040\000f\000o\000n\000c\000t\000i\000o\000n\000n\000e\000l\000s}{section.2.2}% 20
\BOOKMARK [1][-]{section.2.3}{\376\377\000A\000c\000t\000e\000u\000r\000s\000\040\000d\000u\000\040\000s\000y\000s\000t\000\350\000m\000e\000\040\000e\000t\000\040\000c\000a\000s\000\040\000d\000'\000u\000t\000i\000l\000i\000s\000a\000t\000i\000o\000n}{chapter.2}% 21
\BOOKMARK [2][-]{subsection.2.3.1}{\376\377\000I\000d\000e\000n\000t\000i\000f\000i\000c\000a\000t\000i\000o\000n\000\040\000d\000e\000s\000\040\000a\000c\000t\000e\000u\000r\000s}{section.2.3}% 22
\BOOKMARK [2][-]{subsection.2.3.2}{\376\377\000D\000i\000a\000g\000r\000a\000m\000m\000e\000\040\000d\000e\000s\000\040\000c\000a\000s\000\040\000d\000'\000u\000t\000i\000l\000i\000s\000a\000t\000i\000o\000n}{section.2.3}% 23
\BOOKMARK [1][-]{section.2.4}{\376\377\000A\000r\000c\000h\000i\000t\000e\000c\000t\000u\000r\000e\000\040\000g\000l\000o\000b\000a\000l\000e\000\040\000d\000u\000\040\000s\000y\000s\000t\000\350\000m\000e}{chapter.2}% 24
\BOOKMARK [2][-]{subsection.2.4.1}{\376\377\000V\000u\000e\000\040\000m\000a\000c\000r\000o}{section.2.4}% 25
\BOOKMARK [2][-]{subsection.2.4.2}{\376\377\000T\000e\000c\000h\000n\000o\000l\000o\000g\000i\000e\000s\000\040\000e\000t\000\040\000c\000h\000o\000i\000x\000\040\000t\000e\000c\000h\000n\000i\000q\000u\000e\000s}{section.2.4}% 26
\BOOKMARK [1][-]{section.2.5}{\376\377\000L\000e\000s\000\040\0005\000\040\000t\000y\000p\000e\000s\000\040\000d\000e\000\040\000s\000i\000g\000n\000a\000u\000x\000\040\000B\0002\000B}{chapter.2}% 27
\BOOKMARK [1][-]{section.2.6}{\376\377\000C\000o\000n\000c\000l\000u\000s\000i\000o\000n}{chapter.2}% 28
\BOOKMARK [0][-]{chapter.3}{\376\377\000C\000o\000n\000c\000e\000p\000t\000i\000o\000n\000\040\000t\000e\000c\000h\000n\000i\000q\000u\000e}{}% 29
\BOOKMARK [1][-]{section.3.1}{\376\377\000I\000n\000t\000r\000o\000d\000u\000c\000t\000i\000o\000n}{chapter.3}% 30
\BOOKMARK [1][-]{section.3.2}{\376\377\000A\000r\000c\000h\000i\000t\000e\000c\000t\000u\000r\000e\000\040\000d\000e\000s\000\040\000c\000o\000l\000l\000e\000c\000t\000e\000u\000r\000s}{chapter.3}% 31
\BOOKMARK [2][-]{subsection.3.2.1}{\376\377\000C\000o\000l\000l\000e\000c\000t\000e\000u\000r\000\040\000L\000i\000n\000k\000e\000d\000I\000n\000\040\000J\000o\000b\000s\000\040\040\024\000\040\000S\000i\000g\000n\000a\000l\000\040\000d\000'\000e\000x\000t\000e\000r\000n\000a\000l\000i\000s\000a\000t\000i\000o\000n}{section.3.2}% 32
\BOOKMARK [2][-]{subsection.3.2.2}{\376\377\000C\000o\000l\000l\000e\000c\000t\000e\000u\000r\000\040\000L\000i\000n\000k\000e\000d\000I\000n\000\040\000B\0002\000B\000\040\040\024\000\040\000S\000i\000g\000n\000a\000u\000x\000\040\000d\000i\000r\000e\000c\000t\000s}{section.3.2}% 33
\BOOKMARK [2][-]{subsection.3.2.3}{\376\377\000C\000o\000l\000l\000e\000c\000t\000e\000u\000r\000\040\000B\000O\000A\000M\000P}{section.3.2}% 34
\BOOKMARK [2][-]{subsection.3.2.4}{\376\377\000C\000o\000l\000l\000e\000c\000t\000e\000u\000r\000\040\000T\000E\000D\000\040\000E\000U}{section.3.2}% 35
\BOOKMARK [1][-]{section.3.3}{\376\377\000P\000i\000p\000e\000l\000i\000n\000e\000\040\000d\000'\000i\000n\000g\000e\000s\000t\000i\000o\000n}{chapter.3}% 36
\BOOKMARK [2][-]{subsection.3.3.1}{\376\377\000V\000u\000e\000\040\000d\000'\000e\000n\000s\000e\000m\000b\000l\000e\000\040\040\024\000\040\0006\000\040\000\351\000t\000a\000p\000e\000s\000,\000\040\0005\0000\000m\000s\000/\000p\000r\000o\000s\000p\000e\000c\000t}{section.3.3}% 37
\BOOKMARK [2][-]{subsection.3.3.2}{\376\377\000F\000o\000r\000m\000u\000l\000e\000\040\000d\000e\000\040\000s\000c\000o\000r\000i\000n\000g\000\040\040\024\000\040\0004\000\040\000d\000i\000m\000e\000n\000s\000i\000o\000n\000s\000\040\000p\000o\000n\000d\000\351\000r\000\351\000e\000s}{section.3.3}% 38
\BOOKMARK [1][-]{section.3.4}{\376\377\000M\000o\000d\000u\000l\000e\000\040\000N\000L\000P}{chapter.3}% 39
\BOOKMARK [2][-]{subsection.3.4.1}{\376\377\000A\000r\000c\000h\000i\000t\000e\000c\000t\000u\000r\000e\000\040\000d\000e\000s\000\040\000d\000e\000u\000x\000\040\000c\000l\000a\000s\000s\000i\000f\000i\000e\000u\000r\000s}{section.3.4}% 40
\BOOKMARK [2][-]{subsection.3.4.2}{\376\377\000C\000o\000m\000p\000a\000r\000a\000i\000s\000o\000n\000\040\000d\000e\000s\000\040\000m\000o\000d\000\350\000l\000e\000s}{section.3.4}% 41
\BOOKMARK [2][-]{subsection.3.4.3}{\376\377\000D\000i\000s\000t\000r\000i\000b\000u\000t\000i\000o\000n\000\040\000d\000e\000s\000\040\000d\000o\000n\000n\000\351\000e\000s\000\040\000d\000'\000e\000n\000t\000r\000a\000\356\000n\000e\000m\000e\000n\000t}{section.3.4}% 42
\BOOKMARK [1][-]{section.3.5}{\376\377\000G\000\351\000n\000\351\000r\000a\000t\000e\000u\000r\000\040\000d\000e\000\040\000m\000e\000s\000s\000a\000g\000e\000s\000\040\000L\000L\000M}{chapter.3}% 43
\BOOKMARK [1][-]{section.3.6}{\376\377\000S\000c\000h\000\351\000m\000a\000\040\000d\000e\000\040\000b\000a\000s\000e\000\040\000d\000e\000\040\000d\000o\000n\000n\000\351\000e\000s}{chapter.3}% 44
\BOOKMARK [1][-]{section.3.7}{\376\377\000C\000o\000n\000c\000e\000p\000t\000i\000o\000n\000\040\000d\000e\000s\000\040\000w\000o\000r\000k\000f\000l\000o\000w\000s\000\040\000n\0008\000n}{chapter.3}% 45
\BOOKMARK [2][-]{subsection.3.7.1}{\376\377\000W\000o\000r\000k\000f\000l\000o\000w\000\040\0000\0004\000\040\040\024\000\040\000D\000\351\000c\000l\000e\000n\000c\000h\000e\000u\000r\000\040\000c\000o\000l\000l\000e\000c\000t\000e\000\040\000\050\000p\000r\000i\000n\000c\000i\000p\000a\000l\000\051}{section.3.7}% 46
\BOOKMARK [2][-]{subsection.3.7.2}{\376\377\000W\000o\000r\000k\000f\000l\000o\000w\000\040\0000\0003\000\040\040\024\000\040\000D\000\351\000m\000o\000\040\000l\000i\000v\000e\000\040\000\050\000p\000i\000p\000e\000l\000i\000n\000e\000\040\000b\000o\000u\000t\000-\000e\000n\000-\000b\000o\000u\000t\000\051}{section.3.7}% 47
\BOOKMARK [1][-]{section.3.8}{\376\377\000C\000o\000n\000c\000l\000u\000s\000i\000o\000n}{chapter.3}% 48
\BOOKMARK [0][-]{chapter.4}{\376\377\000R\000\351\000a\000l\000i\000s\000a\000t\000i\000o\000n\000\040\000e\000t\000\040\000r\000\351\000s\000u\000l\000t\000a\000t\000s}{}% 49
\BOOKMARK [1][-]{section.4.1}{\376\377\000I\000n\000t\000r\000o\000d\000u\000c\000t\000i\000o\000n}{chapter.4}% 50
\BOOKMARK [1][-]{section.4.2}{\376\377\000E\000n\000v\000i\000r\000o\000n\000n\000e\000m\000e\000n\000t\000\040\000d\000e\000\040\000d\000\351\000v\000e\000l\000o\000p\000p\000e\000m\000e\000n\000t}{chapter.4}% 51
\BOOKMARK [2][-]{subsection.4.2.1}{\376\377\000S\000t\000a\000c\000k\000\040\000t\000e\000c\000h\000n\000i\000q\000u\000e}{section.4.2}% 52
\BOOKMARK [2][-]{subsection.4.2.2}{\376\377\000A\000r\000c\000h\000i\000t\000e\000c\000t\000u\000r\000e\000\040\000D\000o\000c\000k\000e\000r\000\040\000C\000o\000m\000p\000o\000s\000e}{section.4.2}% 53
\BOOKMARK [1][-]{section.4.3}{\376\377\000I\000m\000p\000l\000\351\000m\000e\000n\000t\000a\000t\000i\000o\000n\000\040\000d\000e\000s\000\040\000c\000o\000l\000l\000e\000c\000t\000e\000u\000r\000s}{chapter.4}% 54
\BOOKMARK [2][-]{subsection.4.3.1}{\376\377\000G\000e\000s\000t\000i\000o\000n\000n\000a\000i\000r\000e\000\040\000d\000e\000\040\000s\000e\000s\000s\000i\000o\000n\000s\000\040\000L\000i\000n\000k\000e\000d\000I\000n}{section.4.3}% 55
\BOOKMARK [2][-]{subsection.4.3.2}{\376\377\000D\000\351\000d\000u\000p\000l\000i\000c\000a\000t\000i\000o\000n\000\040\000d\000a\000n\000s\000\040\000l\000e\000\040\000p\000i\000p\000e\000l\000i\000n\000e}{section.4.3}% 56
\BOOKMARK [2][-]{subsection.4.3.3}{\376\377\000C\000o\000l\000l\000e\000c\000t\000e\000u\000r\000\040\000T\000E\000D\000\040\000E\000U\000\040\040\024\000\040\000g\000e\000s\000t\000i\000o\000n\000\040\000d\000u\000\040\000m\000u\000l\000t\000i\000l\000i\000n\000g\000u\000i\000s\000m\000e}{section.4.3}% 57
\BOOKMARK [1][-]{section.4.4}{\376\377\000A\000P\000I\000\040\000R\000E\000S\000T\000\040\000F\000a\000s\000t\000A\000P\000I}{chapter.4}% 58
\BOOKMARK [2][-]{subsection.4.4.1}{\376\377\000E\000n\000d\000p\000o\000i\000n\000t\000\040\000d\000e\000\040\000c\000o\000l\000l\000e\000c\000t\000e\000\040\000a\000s\000y\000n\000c\000h\000r\000o\000n\000e}{section.4.4}% 59
\BOOKMARK [2][-]{subsection.4.4.2}{\376\377\000E\000n\000d\000p\000o\000i\000n\000t\000\040\000N\000L\000P}{section.4.4}% 60
\BOOKMARK [1][-]{section.4.5}{\376\377\000I\000n\000t\000e\000r\000f\000a\000c\000e\000s\000\040\000u\000t\000i\000l\000i\000s\000a\000t\000e\000u\000r}{chapter.4}% 61
\BOOKMARK [2][-]{subsection.4.5.1}{\376\377\000D\000a\000s\000h\000b\000o\000a\000r\000d\000\040\000M\000e\000t\000a\000b\000a\000s\000e}{section.4.5}% 62
\BOOKMARK [2][-]{subsection.4.5.2}{\376\377\000I\000n\000t\000e\000r\000f\000a\000c\000e\000\040\000S\000w\000a\000g\000g\000e\000r\000\040\000\050\000F\000a\000s\000t\000A\000P\000I\000\040\000/\000d\000o\000c\000s\000\051}{section.4.5}% 63
\BOOKMARK [1][-]{section.4.6}{\376\377\000R\000\351\000s\000u\000l\000t\000a\000t\000s\000\040\000e\000t\000\040\000\351\000v\000a\000l\000u\000a\000t\000i\000o\000n}{chapter.4}% 64
\BOOKMARK [2][-]{subsection.4.6.1}{\376\377\000V\000o\000l\000u\000m\000e\000\040\000d\000e\000\040\000d\000o\000n\000n\000\351\000e\000s\000\040\000c\000o\000l\000l\000e\000c\000t\000\351\000e\000s}{section.4.6}% 65
\BOOKMARK [2][-]{subsection.4.6.2}{\376\377\000R\000\351\000p\000a\000r\000t\000i\000t\000i\000o\000n\000\040\000p\000a\000r\000\040\000n\000i\000v\000e\000a\000u\000\040\000d\000e\000\040\000p\000r\000i\000o\000r\000i\000t\000\351}{section.4.6}% 66
\BOOKMARK [2][-]{subsection.4.6.3}{\376\377\000S\000c\000o\000r\000e\000s\000\040\000m\000o\000y\000e\000n\000s\000\040\000p\000a\000r\000\040\000p\000a\000y\000s\000\040\000\050\000L\000i\000n\000k\000e\000d\000I\000n\000\040\000J\000o\000b\000s\000\051}{section.4.6}% 67
\BOOKMARK [2][-]{subsection.4.6.4}{\376\377\000P\000e\000r\000f\000o\000r\000m\000a\000n\000c\000e\000s\000\040\000d\000u\000\040\000m\000o\000d\000u\000l\000e\000\040\000N\000L\000P}{section.4.6}% 68
\BOOKMARK [2][-]{subsection.4.6.5}{\376\377\000P\000e\000r\000f\000o\000r\000m\000a\000n\000c\000e\000s\000\040\000d\000u\000\040\000p\000i\000p\000e\000l\000i\000n\000e\000\040\000e\000n\000d\000-\000t\000o\000-\000e\000n\000d}{section.4.6}% 69
\BOOKMARK [2][-]{subsection.4.6.6}{\376\377\000E\000x\000e\000m\000p\000l\000e\000\040\000d\000e\000\040\000p\000r\000o\000s\000p\000e\000c\000t\000\040\000g\000\351\000n\000\351\000r\000\351}{section.4.6}% 70
\BOOKMARK [1][-]{section.4.7}{\376\377\000T\000e\000s\000t\000s}{chapter.4}% 71
\BOOKMARK [1][-]{section.4.8}{\376\377\000C\000o\000n\000c\000l\000u\000s\000i\000o\000n}{chapter.4}% 72
\BOOKMARK [0][-]{chapter*.39}{\376\377\000C\000o\000n\000c\000l\000u\000s\000i\000o\000n\000\040\000g\000\351\000n\000\351\000r\000a\000l\000e}{}% 73
\BOOKMARK [0][-]{chapter*.40}{\376\377\000B\000i\000b\000l\000i\000o\000g\000r\000a\000p\000h\000i\000e}{}% 74
